<?xml version="1.0" encoding="UTF-8"?>
<!-- Generated by org.testng.reporters.JUnitReportReporter -->
<testsuite hostname="DSCHD-PC-021" failures="0" tests="1" name="frameworkTest.TestCases.SearchProduct" time="51.821" errors="0" timestamp="22 Mar 2019 14:20:44 GMT" skipped="0">
  <testcase classname="frameworkTest.TestCases.SearchProduct" name="searchByValue" time="51.821"/>
</testsuite> <!-- frameworkTest.TestCases.SearchProduct -->
