<?xml version="1.0" encoding="UTF-8"?>
<!-- Generated by org.testng.reporters.JUnitReportReporter -->
<testsuite hostname="DSCHD-PC-021" failures="0" tests="1" name="frameworkTest.TestCases.SearchProduct" time="34.978" errors="0" timestamp="13 Mar 2019 11:01:04 GMT" skipped="0">
  <testcase classname="frameworkTest.TestCases.SearchProduct" name="searchByValue" time="34.978"/>
</testsuite> <!-- frameworkTest.TestCases.SearchProduct -->
